<?xml version="1.0" encoding="UTF-8"?>
<!-- Generated by org.testng.reporters.JUnitReportReporter -->
<testsuite hostname="DESKTOP-K295T7A" failures="0" tests="1" name="com.exampleselegrid.TestExample" time="10.419" errors="0" timestamp="2022-06-06T23:19:01 IST" skipped="0">
  <testcase classname="com.exampleselegrid.TestExample" name="googleTest" time="10.419"/>
  <system-out/>
</testsuite> <!-- com.exampleselegrid.TestExample -->
