<?xml version="1.0" encoding="UTF-8"?>
<!-- Generated by org.testng.reporters.JUnitReportReporter -->
<testsuite hostname="DESKTOP-K295T7A" failures="0" tests="1" name="com.example.TestEx" time="3.873" errors="0" timestamp="2022-06-08T22:02:04 IST" skipped="0">
  <testcase classname="com.example.TestEx" name="demo" time="3.873"/>
  <system-out/>
</testsuite> <!-- com.example.TestEx -->
