<?xml version="1.0" encoding="UTF-8"?>
<!-- Generated by org.testng.reporters.JUnitReportReporter -->
<testsuite hostname="DESKTOP-K295T7A" failures="0" tests="2" name="examples.Three" time="0.002" errors="0" timestamp="2022-05-22T18:13:10 IST" skipped="0">
  <testcase classname="examples.Three" name="sixth" time="0.001"/>
  <system-out/>
  <testcase classname="examples.Three" name="fifth" time="0.001"/>
  <system-out/>
</testsuite> <!-- examples.Three -->
