<?xml version="1.0" encoding="UTF-8"?>
<!-- Generated by org.testng.reporters.JUnitReportReporter -->
<testsuite hostname="DESKTOP-K295T7A" failures="0" tests="2" name="examples.One" time="0.011" errors="0" timestamp="2022-05-22T18:13:10 IST" skipped="0">
  <testcase classname="examples.One" name="first" time="0.008"/>
  <system-out/>
  <testcase classname="examples.One" name="second" time="0.003"/>
  <system-out/>
</testsuite> <!-- examples.One -->
