<?xml version="1.0" encoding="UTF-8"?>
<!-- Generated by org.testng.reporters.JUnitReportReporter -->
<testsuite hostname="DESKTOP-K295T7A" failures="0" tests="2" name="examples.Four" time="0.004" errors="0" timestamp="2022-05-22T18:13:10 IST" skipped="0">
  <testcase classname="examples.Four" name="seventh" time="0.002"/>
  <system-out/>
  <testcase classname="examples.Four" name="eigth" time="0.002"/>
  <system-out/>
</testsuite> <!-- examples.Four -->
