<?xml version="1.0" encoding="UTF-8"?>
<!-- Generated by org.testng.reporters.JUnitReportReporter -->
<testsuite hostname="DESKTOP-K295T7A" failures="0" tests="2" name="examples.Two" time="0.005" errors="0" timestamp="2022-05-22T18:13:10 IST" skipped="0">
  <testcase classname="examples.Two" name="third" time="0.003"/>
  <system-out/>
  <testcase classname="examples.Two" name="fourth" time="0.002"/>
  <system-out/>
</testsuite> <!-- examples.Two -->
