<?xml version="1.0" encoding="UTF-8"?>
<!-- Generated by org.testng.reporters.JUnitReportReporter -->
<testsuite hostname="DESKTOP-K295T7A" failures="0" tests="1" name="examples.selandtestng.One" time="0.009" errors="0" timestamp="2022-05-25T10:51:07 IST" skipped="0">
  <testcase classname="examples.selandtestng.One" name="second" time="0.009"/>
  <system-out/>
</testsuite> <!-- examples.selandtestng.One -->
