<?xml version="1.0" encoding="UTF-8"?>
<!-- Generated by org.testng.reporters.JUnitReportReporter -->
<testsuite hostname="DESKTOP-K295T7A" failures="0" tests="1" name="com.devtools.GettingResponseCode" time="2.718" errors="0" timestamp="2022-06-08T09:15:32 IST" skipped="0">
  <testcase classname="com.devtools.GettingResponseCode" name="getResponse" time="2.718"/>
  <system-out/>
</testsuite> <!-- com.devtools.GettingResponseCode -->
