<?xml version="1.0" encoding="UTF-8"?>
<!-- Generated by org.testng.reporters.JUnitReportReporter -->
<testsuite hostname="DESKTOP-K295T7A" failures="0" tests="1" name="com.devtools.LocationExample" time="8.398" errors="0" timestamp="2022-06-08T09:07:46 IST" skipped="0">
  <testcase classname="com.devtools.LocationExample" name="location" time="8.398"/>
  <system-out/>
</testsuite> <!-- com.devtools.LocationExample -->
