<?xml version="1.0" encoding="UTF-8"?>
<!-- Generated by org.testng.reporters.JUnitReportReporter -->
<testsuite hostname="DESKTOP-K295T7A" failures="0" tests="1" name="com.devtools.Example1" time="10.012" errors="0" timestamp="2022-06-07T13:59:54 IST" skipped="0">
  <testcase classname="com.devtools.Example1" name="heightAdjust" time="10.012"/>
  <system-out/>
</testsuite> <!-- com.devtools.Example1 -->
