<?xml version="1.0" encoding="UTF-8"?>
<!-- Generated by org.testng.reporters.JUnitReportReporter -->
<testsuite hostname="DESKTOP-K295T7A" failures="0" tests="2" name="examples.reportgeneration.ReportExample" time="6.982" errors="0" timestamp="2022-05-26T20:44:34 IST" skipped="0">
  <testcase classname="examples.reportgeneration.ReportExample" name="exTest" time="4.728"/>
  <system-out/>
  <testcase classname="examples.reportgeneration.ReportExample" name="exampleTest" time="2.254"/>
  <system-out/>
</testsuite> <!-- examples.reportgeneration.ReportExample -->
