<?xml version="1.0" encoding="UTF-8"?>
<!-- Generated by org.testng.reporters.JUnitReportReporter -->
<testsuite hostname="DESKTOP-K295T7A" failures="0" tests="1" name="examples.pagemodelex.Test" time="21.653" errors="0" timestamp="2022-05-29T20:04:22 IST" skipped="0">
  <testcase classname="examples.pagemodelex.Test" name="testing" time="21.653"/>
  <system-out/>
</testsuite> <!-- examples.pagemodelex.Test -->
