<?xml version="1.0" encoding="UTF-8"?>
<!-- Generated by org.testng.reporters.JUnitReportReporter -->
<testsuite hostname="DESKTOP-K295T7A" failures="0" tests="2" name="examples.selandtestng.Two" time="0.000" errors="0" timestamp="2022-05-25T11:16:14 IST" skipped="0">
  <testcase classname="examples.selandtestng.Two" name="fourth" time="0.000"/>
  <system-out/>
  <testcase classname="examples.selandtestng.Two" name="third" time="0.000"/>
  <system-out/>
</testsuite> <!-- examples.selandtestng.Two -->
