<?xml version="1.0" encoding="UTF-8"?>
<!-- Generated by org.testng.reporters.JUnitReportReporter -->
<testsuite hostname="DESKTOP-K295T7A" failures="0" tests="2" name="examples.selandtestng.One" time="0.000" errors="0" timestamp="2022-05-25T11:15:54 IST" skipped="0">
  <testcase classname="examples.selandtestng.One" name="first" time="0.000"/>
  <system-out/>
  <testcase classname="examples.selandtestng.One" name="second" time="0.000"/>
  <system-out/>
</testsuite> <!-- examples.selandtestng.One -->
