<?xml version="1.0" encoding="UTF-8"?>
<!-- Generated by org.testng.reporters.JUnitReportReporter -->
<testsuite hostname="DESKTOP-K295T7A" failures="0" tests="2" name="examples.endtoendframework.GreenKartTest" time="8.093" errors="0" timestamp="2022-06-01T07:10:26 IST" skipped="0">
  <testcase classname="examples.endtoendframework.GreenKartTest" name="testVegitablePrice" time="4.356"/>
  <system-out/>
  <testcase classname="examples.endtoendframework.GreenKartTest" name="testVegitablePrice" time="3.737"/>
  <system-out/>
</testsuite> <!-- examples.endtoendframework.GreenKartTest -->
